C51 COMPILER V9.52.0.0   ________________                                                  05/08/2016 22:26:00 PAGE 1   


C51 COMPILER V9.52.0.0, COMPILATION OF MODULE ________________
OBJECT MODULE PLACED IN 一路舵机控制原理.OBJ
COMPILER INVOKED BY: D:\Keil\C51\BIN\C51.EXE 一路舵机控制原理.c BROWSE DEBUG OBJECTEXTEND TABS(2)

line level    source

   1          #include<reg52.h>
   2          #define uint unsigned int
   3          #define uchar unsigned char
   4          
   5          sbit PWM=P2^0;
   6          
   7          uint flag=0;
   8          uint TH0_H,TL0_H,TH0_L,TL0_L;
   9          void delay(uint z)
  10          {
  11   1        uint x,y;
  12   1        for(x=z;x>0;x--)
  13   1           for(y=110;y>0;y--);
  14   1      } 
  15          void init()
  16          {
  17   1        TMOD=0x01;
  18   1          TH0=0;
  19   1          TL0=0;
  20   1        EA=1;
  21   1          ET0=1;
  22   1        TR0=1;  
  23   1      }
  24          
  25          void duoji(int jd)
  26          {
  27   1        TH0_H=(65536-500-(100*jd)/9)/256;  
  28   1          TL0_H=(65536-500-(100*jd)/9)%256;
  29   1      
  30   1        TH0_L=(65536-19500+(100*jd)/9)/256;
  31   1        TL0_L=(65536-19500+(100*jd)/9)%256;
  32   1      }
  33          void main()
  34          {
  35   1      
  36   1      duoji(90) ;
  37   1       }
  38          
  39          void T0_timer() interrupt 1
  40          {   
  41   1      
  42   1         
  43   1       switch(flag)
  44   1       {
  45   2         case 0:TH0=TH0_H;TL0=TL0_H;PWM=1;break;
  46   2         default :TH0=TH0_L;TL0=TL0_L;PWM=0;flag=-1; break;
  47   2       }
  48   1        flag++;
  49   1      }


MODULE INFORMATION:   STATIC OVERLAYABLE
   CODE SIZE        =    308    ----
   CONSTANT SIZE    =   ----    ----
   XDATA SIZE       =   ----    ----
C51 COMPILER V9.52.0.0   ________________                                                  05/08/2016 22:26:00 PAGE 2   

   PDATA SIZE       =   ----    ----
   DATA SIZE        =     10       2
   IDATA SIZE       =   ----    ----
   BIT SIZE         =   ----    ----
END OF MODULE INFORMATION.


C51 COMPILATION COMPLETE.  0 WARNING(S),  0 ERROR(S)
